<?xml version="1.0" encoding="UTF-8"?>
<testsuite xmlns:xsi="http://www.w3.org/2001/XMLSchema-instance" xsi:noNamespaceSchemaLocation="https://maven.apache.org/surefire/maven-surefire-plugin/xsd/surefire-test-report-3.0.xsd" version="3.0" name="com.shrey.hotel.controller.AuthControllerIntegrationTest" time="10.47" tests="2" errors="0" skipped="0" failures="0">
  <properties>
[...]
</properties>
  <testcase name="signup_then_login_then_refresh_flow_succeeds" classname="com.shrey.hotel.controller.AuthControllerIntegrationTest" time="0.981">
    <system-out><![CDATA[01:25:20.801 [main] INFO org.springframework.test.context.support.AnnotationConfigContextLoaderUtils -- Could not detect default configuration classes for test class [com.shrey.hotel.controller.AuthControllerIntegrationTest]: AuthControllerIntegrationTest does not declare any static, non-private, non-final, nested classes annotated with @Configuration.
01:25:20.947 [main] INFO org.springframework.boot.test.context.SpringBootTestContextBootstrapper -- Found @SpringBootConfiguration com.shrey.hotel.HotelManagementApplication for test class com.shrey.hotel.controller.AuthControllerIntegrationTest

  .   ____          _            __ _ _
 /\\ / ___'_ __ _ _(_)_ __  __ _ \ \ \ \
( ( )\___ | '_ | '_| | '_ \/ _` | \ \ \ \
 \\/  ___)| |_)| | | | | || (_| |  ) ) ) )
  '  |____| .__|_| |_|_| |_\__, | / / / /
 =========|_|==============|___/=/_/_/_/
 :: Spring Boot ::                (v3.2.0)

2025-11-30T01:25:21.474+05:30  INFO 8724 --- [hotel-management-api] [           main] c.s.h.c.AuthControllerIntegrationTest    : Starting AuthControllerIntegrationTest using Java 23.0.2 with PID 8724 (started by shrey in C:\Users\shrey\Desktop\Projects\Java\Hotel Management System\Hotel Management Backend)
2025-11-30T01:25:21.476+05:30 DEBUG 8724 --- [hotel-management-api] [           main] c.s.h.c.AuthControllerIntegrationTest    : Running with Spring Boot v3.2.0, Spring v6.1.1
2025-11-30T01:25:21.477+05:30  INFO 8724 --- [hotel-management-api] [           main] c.s.h.c.AuthControllerIntegrationTest    : The following 1 profile is active: "test"
2025-11-30T01:25:22.793+05:30  INFO 8724 --- [hotel-management-api] [           main] .s.d.r.c.RepositoryConfigurationDelegate : Bootstrapping Spring Data JPA repositories in DEFAULT mode.
2025-11-30T01:25:22.877+05:30  INFO 8724 --- [hotel-management-api] [           main] .s.d.r.c.RepositoryConfigurationDelegate : Finished Spring Data repository scanning in 75 ms. Found 5 JPA repository interfaces.
2025-11-30T01:25:23.700+05:30  INFO 8724 --- [hotel-management-api] [           main] com.zaxxer.hikari.HikariDataSource       : HikariPool-1 - Starting...
2025-11-30T01:25:23.931+05:30  INFO 8724 --- [hotel-management-api] [           main] com.zaxxer.hikari.pool.HikariPool        : HikariPool-1 - Added connection org.postgresql.jdbc.PgConnection@14485747
2025-11-30T01:25:23.932+05:30  INFO 8724 --- [hotel-management-api] [           main] com.zaxxer.hikari.HikariDataSource       : HikariPool-1 - Start completed.
2025-11-30T01:25:24.072+05:30  INFO 8724 --- [hotel-management-api] [           main] o.f.c.internal.license.VersionPrinter    : Flyway Community Edition 9.22.3 by Redgate
2025-11-30T01:25:24.073+05:30  INFO 8724 --- [hotel-management-api] [           main] o.f.c.internal.license.VersionPrinter    : See release notes here: https://rd.gt/416ObMi
2025-11-30T01:25:24.073+05:30  INFO 8724 --- [hotel-management-api] [           main] o.f.c.internal.license.VersionPrinter    : 
2025-11-30T01:25:24.097+05:30  INFO 8724 --- [hotel-management-api] [           main] org.flywaydb.core.FlywayExecutor         : Database: jdbc:postgresql://localhost:5432/hotel_management (PostgreSQL 15.15)
2025-11-30T01:25:24.172+05:30  INFO 8724 --- [hotel-management-api] [           main] o.f.core.internal.command.DbValidate     : Successfully validated 3 migrations (execution time 00:00.044s)
2025-11-30T01:25:24.197+05:30  INFO 8724 --- [hotel-management-api] [           main] o.f.core.internal.command.DbMigrate      : Current version of schema "public": 3
2025-11-30T01:25:24.201+05:30  INFO 8724 --- [hotel-management-api] [           main] o.f.core.internal.command.DbMigrate      : Schema "public" is up to date. No migration necessary.
2025-11-30T01:25:24.363+05:30  INFO 8724 --- [hotel-management-api] [           main] o.hibernate.jpa.internal.util.LogHelper  : HHH000204: Processing PersistenceUnitInfo [name: default]
2025-11-30T01:25:24.447+05:30  INFO 8724 --- [hotel-management-api] [           main] org.hibernate.Version                    : HHH000412: Hibernate ORM core version 6.3.1.Final
2025-11-30T01:25:24.524+05:30  INFO 8724 --- [hotel-management-api] [           main] o.h.c.internal.RegionFactoryInitiator    : HHH000026: Second-level cache disabled
2025-11-30T01:25:24.815+05:30  INFO 8724 --- [hotel-management-api] [           main] o.s.o.j.p.SpringPersistenceUnitInfo      : No LoadTimeWeaver setup: ignoring JPA class transformer
2025-11-30T01:25:25.801+05:30  INFO 8724 --- [hotel-management-api] [           main] o.h.e.t.j.p.i.JtaPlatformInitiator       : HHH000489: No JTA platform available (set 'hibernate.transaction.jta.platform' to enable JTA platform integration)
2025-11-30T01:25:25.985+05:30  INFO 8724 --- [hotel-management-api] [           main] j.LocalContainerEntityManagerFactoryBean : Initialized JPA EntityManagerFactory for persistence unit 'default'
2025-11-30T01:25:27.128+05:30  WARN 8724 --- [hotel-management-api] [           main] JpaBaseConfiguration$JpaWebConfiguration : spring.jpa.open-in-view is enabled by default. Therefore, database queries may be performed during view rendering. Explicitly configure spring.jpa.open-in-view to disable this warning
2025-11-30T01:25:28.563+05:30  INFO 8724 --- [hotel-management-api] [           main] o.s.b.a.e.web.EndpointLinksResolver      : Exposing 2 endpoint(s) beneath base path '/actuator'
2025-11-30T01:25:28.642+05:30  INFO 8724 --- [hotel-management-api] [           main] o.s.s.web.DefaultSecurityFilterChain     : Will secure any request with [org.springframework.security.web.session.DisableEncodeUrlFilter@2746b1cc, org.springframework.security.web.context.request.async.WebAsyncManagerIntegrationFilter@6bcf2780, org.springframework.security.web.context.SecurityContextHolderFilter@3ce74930, org.springframework.security.web.header.HeaderWriterFilter@463e0b6a, org.springframework.web.filter.CorsFilter@4bb4adf7, org.springframework.web.filter.CorsFilter@11544ddd, org.springframework.security.web.authentication.logout.LogoutFilter@e822394, com.shrey.hotel.security.RequestLoggingFilter@38f7a20, com.shrey.hotel.security.JwtAuthenticationFilter@331eb953, org.springframework.security.web.savedrequest.RequestCacheAwareFilter@6cc91654, org.springframework.security.web.servletapi.SecurityContextHolderAwareRequestFilter@7441eed3, org.springframework.security.web.authentication.AnonymousAuthenticationFilter@38e46ea, org.springframework.security.web.session.SessionManagementFilter@4cae7d5, org.springframework.security.web.access.ExceptionTranslationFilter@41843b88, org.springframework.security.web.access.intercept.AuthorizationFilter@26aecf31]
2025-11-30T01:25:29.453+05:30 DEBUG 8724 --- [hotel-management-api] [           main] c.s.h.security.JwtAuthenticationFilter   : Filter 'jwtAuthenticationFilter' configured for use
2025-11-30T01:25:29.453+05:30 DEBUG 8724 --- [hotel-management-api] [           main] c.s.hotel.security.RequestLoggingFilter  : Filter 'requestLoggingFilter' configured for use
2025-11-30T01:25:29.454+05:30  INFO 8724 --- [hotel-management-api] [           main] o.s.b.t.m.w.SpringBootMockServletContext : Initializing Spring TestDispatcherServlet ''
2025-11-30T01:25:29.454+05:30  INFO 8724 --- [hotel-management-api] [           main] o.s.t.web.servlet.TestDispatcherServlet  : Initializing Servlet ''
2025-11-30T01:25:29.455+05:30  INFO 8724 --- [hotel-management-api] [           main] o.s.t.web.servlet.TestDispatcherServlet  : Completed initialization in 1 ms
2025-11-30T01:25:29.538+05:30  INFO 8724 --- [hotel-management-api] [           main] c.s.h.c.AuthControllerIntegrationTest    : Started AuthControllerIntegrationTest in 8.435 seconds (process running for 9.526)
✅ Data initialization complete!
📊 Rooms: 21
🍽️ Food Items: 16
👤 Users: 21
2025-11-30T01:25:30.455+05:30  WARN 8724 --- [hotel-management-api] [           main] o.s.w.s.h.HandlerMappingIntrospector     : Cache miss for REQUEST dispatch to '/auth/signup' (previous null). Performing CorsConfiguration lookup. This is logged once only at WARN level, and every time at TRACE.
2025-11-30T01:25:30.460+05:30 DEBUG 8724 --- [hotel-management-api] [           main] c.s.hotel.security.RequestLoggingFilter  : POST /auth/signup cid=09833ffa-6690-4761-96c6-0d30cba9bb76 user=anonymous
2025-11-30T01:25:30.902+05:30 DEBUG 8724 --- [hotel-management-api] [           main] c.s.hotel.security.RequestLoggingFilter  : POST /auth/login cid=32d6a695-9267-4572-9802-3011cd9f4275 user=anonymous
2025-11-30T01:25:30.997+05:30 DEBUG 8724 --- [hotel-management-api] [           main] c.s.hotel.security.RequestLoggingFilter  : POST /auth/refresh cid=6c3b82ab-103b-4152-99b1-39c9fee65b35 user=anonymous
]]></system-out>
    <system-err><![CDATA[WARNING: A Java agent has been loaded dynamically (C:\Users\shrey\.m2\repository\net\bytebuddy\byte-buddy-agent\1.14.10\byte-buddy-agent-1.14.10.jar)
WARNING: If a serviceability tool is in use, please run with -XX:+EnableDynamicAgentLoading to hide this warning
WARNING: If a serviceability tool is not in use, please run with -Djdk.instrument.traceUsage for more information
WARNING: Dynamic loading of agents will be disallowed by default in a future release
]]></system-err>
  </testcase>
  <testcase name="login_invalidCredentials_returns401" classname="com.shrey.hotel.controller.AuthControllerIntegrationTest" time="0.017">
    <system-out><![CDATA[2025-11-30T01:25:31.073+05:30 DEBUG 8724 --- [hotel-management-api] [           main] c.s.hotel.security.RequestLoggingFilter  : POST /auth/login cid=24bff914-fabd-4daa-af5e-7e55d1eda05f user=anonymous
]]></system-out>
  </testcase>
</testsuite>